20:30:45.553 [main] INFO  com.zerobase.stock.StockApplication - Starting StockApplication using Java 11.0.19 on ihyeonsang-ui-MacBookAir.local with PID 90106 (/Users/pheno/Desktop/lecture/Stock/build/classes/java/main started by pheno in /Users/pheno/Desktop/lecture/Stock)
20:30:45.558 [main] INFO  com.zerobase.stock.StockApplication - No active profile set, falling back to 1 default profile: "default"
20:30:46.916 [main] INFO  o.s.d.r.c.RepositoryConfigurationDelegate - Multiple Spring Data modules found, entering strict repository configuration mode
20:30:46.917 [main] INFO  o.s.d.r.c.RepositoryConfigurationDelegate - Bootstrapping Spring Data JPA repositories in DEFAULT mode.
20:30:47.047 [main] INFO  o.s.d.r.c.RepositoryConfigurationDelegate - Finished Spring Data repository scanning in 116 ms. Found 3 JPA repository interfaces.
20:30:47.077 [main] INFO  o.s.d.r.c.RepositoryConfigurationDelegate - Multiple Spring Data modules found, entering strict repository configuration mode
20:30:47.079 [main] INFO  o.s.d.r.c.RepositoryConfigurationDelegate - Bootstrapping Spring Data Redis repositories in DEFAULT mode.
20:30:47.114 [main] INFO  o.s.d.r.c.RepositoryConfigurationExtensionSupport - Spring Data Redis - Could not safely identify store assignment for repository candidate interface com.zerobase.stock.persist.CompanyRepository; If you want this repository to be a Redis repository, consider annotating your entities with one of these annotations: org.springframework.data.redis.core.RedisHash (preferred), or consider extending one of the following types with your repository: org.springframework.data.keyvalue.repository.KeyValueRepository
20:30:47.117 [main] INFO  o.s.d.r.c.RepositoryConfigurationExtensionSupport - Spring Data Redis - Could not safely identify store assignment for repository candidate interface com.zerobase.stock.persist.DividendRepository; If you want this repository to be a Redis repository, consider annotating your entities with one of these annotations: org.springframework.data.redis.core.RedisHash (preferred), or consider extending one of the following types with your repository: org.springframework.data.keyvalue.repository.KeyValueRepository
20:30:47.118 [main] INFO  o.s.d.r.c.RepositoryConfigurationExtensionSupport - Spring Data Redis - Could not safely identify store assignment for repository candidate interface com.zerobase.stock.persist.entity.MemberRepository; If you want this repository to be a Redis repository, consider annotating your entities with one of these annotations: org.springframework.data.redis.core.RedisHash (preferred), or consider extending one of the following types with your repository: org.springframework.data.keyvalue.repository.KeyValueRepository
20:30:47.119 [main] INFO  o.s.d.r.c.RepositoryConfigurationDelegate - Finished Spring Data repository scanning in 14 ms. Found 0 Redis repository interfaces.
20:30:48.296 [main] INFO  o.s.b.w.e.tomcat.TomcatWebServer - Tomcat initialized with port(s): 8080 (http)
20:30:48.306 [main] INFO  o.a.coyote.http11.Http11NioProtocol - Initializing ProtocolHandler ["http-nio-8080"]
20:30:48.308 [main] INFO  o.a.catalina.core.StandardService - Starting service [Tomcat]
20:30:48.309 [main] INFO  o.a.catalina.core.StandardEngine - Starting Servlet engine: [Apache Tomcat/9.0.76]
20:30:48.622 [main] INFO  o.a.c.c.C.[Tomcat].[localhost].[/] - Initializing Spring embedded WebApplicationContext
20:30:48.623 [main] INFO  o.s.b.w.s.c.ServletWebServerApplicationContext - Root WebApplicationContext: initialization completed in 2989 ms
20:30:48.673 [main] INFO  com.zaxxer.hikari.HikariDataSource - HikariPool-1 - Starting...
20:30:48.854 [main] INFO  com.zaxxer.hikari.HikariDataSource - HikariPool-1 - Start completed.
20:30:48.879 [main] INFO  o.s.b.a.h.H2ConsoleAutoConfiguration - H2 console available at '/h2-console'. Database available at 'jdbc:h2:mem:dayone'
20:30:49.161 [main] INFO  o.h.jpa.internal.util.LogHelper - HHH000204: Processing PersistenceUnitInfo [name: default]
20:30:49.239 [main] INFO  org.hibernate.Version - HHH000412: Hibernate ORM core version 5.6.15.Final
20:30:49.542 [main] INFO  o.h.annotations.common.Version - HCANN000001: Hibernate Commons Annotations {5.1.2.Final}
20:30:49.669 [main] INFO  org.hibernate.dialect.Dialect - HHH000400: Using dialect: org.hibernate.dialect.H2Dialect
20:30:50.491 [main] INFO  o.h.e.t.j.p.i.JtaPlatformInitiator - HHH000490: Using JtaPlatform implementation: [org.hibernate.engine.transaction.jta.platform.internal.NoJtaPlatform]
20:30:50.505 [main] INFO  o.s.o.j.LocalContainerEntityManagerFactoryBean - Initialized JPA EntityManagerFactory for persistence unit 'default'
20:30:51.308 [main] WARN  o.s.b.a.o.j.JpaBaseConfiguration$JpaWebConfiguration - spring.jpa.open-in-view is enabled by default. Therefore, database queries may be performed during view rendering. Explicitly configure spring.jpa.open-in-view to disable this warning
20:30:51.786 [main] WARN  o.s.s.c.a.web.builders.WebSecurity - You are asking Spring Security to ignore Ant [pattern='/h2-console/**']. This is not recommended -- please use permitAll via HttpSecurity#authorizeHttpRequests instead.
20:30:51.787 [main] INFO  o.s.s.web.DefaultSecurityFilterChain - Will not secure Ant [pattern='/h2-console/**']
20:30:51.842 [main] INFO  o.s.s.web.DefaultSecurityFilterChain - Will secure any request with [org.springframework.security.web.session.DisableEncodeUrlFilter@2396408a, org.springframework.security.web.context.request.async.WebAsyncManagerIntegrationFilter@3e4ead73, org.springframework.security.web.context.SecurityContextPersistenceFilter@451cef67, org.springframework.security.web.header.HeaderWriterFilter@2eb9c7ad, org.springframework.security.web.authentication.logout.LogoutFilter@590336ed, com.zerobase.stock.security.JwtAuthenticationFilter@71cc0e35, org.springframework.security.web.savedrequest.RequestCacheAwareFilter@1f229c40, org.springframework.security.web.servletapi.SecurityContextHolderAwareRequestFilter@3f5e64c9, org.springframework.security.web.authentication.AnonymousAuthenticationFilter@64de9fa4, org.springframework.security.web.session.SessionManagementFilter@6fe77a97, org.springframework.security.web.access.ExceptionTranslationFilter@1db5de29, org.springframework.security.web.access.intercept.FilterSecurityInterceptor@46146832]
20:30:52.618 [main] INFO  o.a.coyote.http11.Http11NioProtocol - Starting ProtocolHandler ["http-nio-8080"]
20:30:52.652 [main] INFO  o.s.b.w.e.tomcat.TomcatWebServer - Tomcat started on port(s): 8080 (http) with context path ''
20:30:52.674 [main] INFO  com.zerobase.stock.StockApplication - Started StockApplication in 8.484 seconds (JVM running for 11.583)
20:31:26.607 [http-nio-8080-exec-1] INFO  o.a.c.c.C.[Tomcat].[localhost].[/] - Initializing Spring DispatcherServlet 'dispatcherServlet'
20:31:26.610 [http-nio-8080-exec-1] INFO  o.s.web.servlet.DispatcherServlet - Initializing Servlet 'dispatcherServlet'
20:31:26.619 [http-nio-8080-exec-1] INFO  o.s.web.servlet.DispatcherServlet - Completed initialization in 9 ms
20:31:31.419 [http-nio-8080-exec-3] INFO  c.zerobase.stock.web.AuthController - user login -> grace
20:32:55.225 [http-nio-8080-exec-6] INFO  c.z.s.s.JwtAuthenticationFilter - [grace] -> /company
20:34:17.255 [SpringApplicationShutdownHook] INFO  o.s.o.j.LocalContainerEntityManagerFactoryBean - Closing JPA EntityManagerFactory for persistence unit 'default'
20:34:17.268 [SpringApplicationShutdownHook] INFO  com.zaxxer.hikari.HikariDataSource - HikariPool-1 - Shutdown initiated...
20:34:17.277 [SpringApplicationShutdownHook] INFO  com.zaxxer.hikari.HikariDataSource - HikariPool-1 - Shutdown completed.
